2015-05-22 08:01:17,687 [Worker-2] INFO  o.e.m.c.i.l.LifecycleMappingFactory - Using org.eclipse.m2e.jdt.JarLifecycleMapping lifecycle mapping for MavenProject: org.apache.oodt:cas-pushpull:0.2 @ /home/willian/Repositories/oodt/0.2/pushpull/pom.xml.
2015-05-22 08:01:19,766 [Worker-2] INFO  o.e.m.j.i.AbstractJavaProjectConfigurator - Adding source folder /cas-pushpull-0.2/src/main/java
2015-05-22 08:01:19,766 [Worker-2] INFO  o.e.m.j.i.AbstractJavaProjectConfigurator - Adding resource folder /cas-pushpull-0.2/src/main/resources
2015-05-22 08:01:19,769 [Worker-4] INFO  o.e.m.c.i.l.LifecycleMappingFactory - Using org.eclipse.m2e.jdt.JarLifecycleMapping lifecycle mapping for MavenProject: org.apache.oodt:cas-pushpull:0.2 @ /home/willian/Repositories/oodt/0.2/pushpull/pom.xml.
2015-05-22 08:01:19,782 [Worker-2] INFO  o.e.m.j.i.AbstractJavaProjectConfigurator - Adding source folder /cas-pushpull-0.2/src/test
2015-05-22 08:01:20,156 [Worker-2] INFO  o.e.m.c.i.p.ProjectConfigurationManager - Imported and configured 1 project(s) in 7 sec
2015-05-22 08:01:22,707 [Worker-1] INFO  o.e.m.c.i.l.LifecycleMappingFactory - Using org.eclipse.m2e.jdt.JarLifecycleMapping lifecycle mapping for MavenProject: org.apache.oodt:cas-pushpull:0.2 @ /home/willian/Repositories/oodt/0.2/pushpull/pom.xml.
2015-05-22 08:01:23,006 [Worker-1] INFO  o.e.m.c.i.embedder.EclipseLogger - Using 'UTF-8' encoding to copy filtered resources.
2015-05-22 08:01:23,013 [Worker-1] INFO  o.e.m.c.i.embedder.EclipseLogger - Copying 27 resources
2015-05-22 08:01:23,087 [Worker-1] INFO  o.e.m.c.i.embedder.EclipseLogger - Using 'UTF-8' encoding to copy filtered resources.
2015-05-22 08:01:23,087 [Worker-1] INFO  o.e.m.c.i.embedder.EclipseLogger - skip non existing resourceDirectory /home/willian/Repositories/oodt/0.2/pushpull/src/test/resources
2015-05-22 08:11:11,150 [Worker-3] INFO  o.e.m.c.i.l.LifecycleMappingFactory - Using org.eclipse.m2e.jdt.JarLifecycleMapping lifecycle mapping for MavenProject: org.apache.oodt:cas-pushpull:0.5 @ /home/willian/Repositories/oodt/0.5/pushpull/pom.xml.
2015-05-22 08:11:11,802 [Worker-3] INFO  o.e.m.j.i.AbstractJavaProjectConfigurator - Adding source folder /cas-pushpull-0.5/src/main/java
2015-05-22 08:11:11,802 [Worker-3] INFO  o.e.m.j.i.AbstractJavaProjectConfigurator - Resources folder /cas-pushpull-0.5/src/main/resources overlaps with sources folder /cas-pushpull-0.5/src/main/resources
2015-05-22 08:11:11,802 [Worker-3] INFO  o.e.m.j.i.AbstractJavaProjectConfigurator - Adding source folder /cas-pushpull-0.5/src/test
2015-05-22 08:11:11,912 [Worker-3] INFO  o.e.m.c.i.p.ProjectConfigurationManager - Imported and configured 1 project(s) in 1 sec
2015-05-22 08:11:12,751 [Worker-0] INFO  o.e.m.c.i.l.LifecycleMappingFactory - Using org.eclipse.m2e.jdt.JarLifecycleMapping lifecycle mapping for MavenProject: org.apache.oodt:cas-pushpull:0.5 @ /home/willian/Repositories/oodt/0.5/pushpull/pom.xml.
2015-05-22 08:11:13,455 [Worker-0] INFO  o.e.m.c.i.embedder.EclipseLogger - Using 'UTF-8' encoding to copy filtered resources.
2015-05-22 08:11:13,456 [Worker-0] INFO  o.e.m.c.i.embedder.EclipseLogger - Copying 28 resources
2015-05-22 08:11:13,467 [Worker-0] INFO  o.e.m.c.i.embedder.EclipseLogger - Using 'UTF-8' encoding to copy filtered resources.
2015-05-22 08:11:13,468 [Worker-0] INFO  o.e.m.c.i.embedder.EclipseLogger - skip non existing resourceDirectory /home/willian/Repositories/oodt/0.5/pushpull/src/test/resources
2015-05-22 08:11:14,046 [Worker-1] INFO  o.e.m.c.i.l.LifecycleMappingFactory - Using org.eclipse.m2e.jdt.JarLifecycleMapping lifecycle mapping for MavenProject: org.apache.oodt:cas-pushpull:0.5 @ /home/willian/Repositories/oodt/0.5/pushpull/pom.xml.
2015-05-22 08:11:14,767 [Worker-5] INFO  o.e.m.c.i.embedder.EclipseLogger - Using 'UTF-8' encoding to copy filtered resources.
2015-05-22 08:11:14,778 [Worker-5] INFO  o.e.m.c.i.embedder.EclipseLogger - Copying 0 resource
2015-05-22 08:11:14,780 [Worker-5] INFO  o.e.m.c.i.embedder.EclipseLogger - Using 'UTF-8' encoding to copy filtered resources.
2015-05-22 08:11:14,780 [Worker-5] INFO  o.e.m.c.i.embedder.EclipseLogger - skip non existing resourceDirectory /home/willian/Repositories/oodt/0.5/pushpull/src/test/resources
2015-05-22 08:11:55,785 [Worker-4] INFO  o.e.m.c.i.l.LifecycleMappingFactory - Using org.eclipse.m2e.jdt.JarLifecycleMapping lifecycle mapping for MavenProject: org.apache.oodt:cas-pushpull:0.8 @ /home/willian/Repositories/oodt/0.8/pushpull/pom.xml.
2015-05-22 08:11:56,166 [Worker-4] INFO  o.e.m.j.i.AbstractJavaProjectConfigurator - Adding source folder /cas-pushpull-0.8/src/main/java
2015-05-22 08:11:56,166 [Worker-4] INFO  o.e.m.j.i.AbstractJavaProjectConfigurator - Adding resource folder /cas-pushpull-0.8/src/main/resources
2015-05-22 08:11:56,166 [Worker-4] INFO  o.e.m.j.i.AbstractJavaProjectConfigurator - Adding source folder /cas-pushpull-0.8/src/test
2015-05-22 08:11:56,166 [Worker-4] INFO  o.e.m.j.i.AbstractJavaProjectConfigurator - Resources folder /cas-pushpull-0.8/src/test/resources overlaps with sources folder /cas-pushpull-0.8/src/test
2015-05-22 08:11:56,249 [Worker-4] INFO  o.e.m.c.i.p.ProjectConfigurationManager - Imported and configured 1 project(s) in 0 sec
2015-05-22 08:11:56,675 [Worker-6] INFO  o.e.m.c.i.l.LifecycleMappingFactory - Using org.eclipse.m2e.jdt.JarLifecycleMapping lifecycle mapping for MavenProject: org.apache.oodt:cas-pushpull:0.8 @ /home/willian/Repositories/oodt/0.8/pushpull/pom.xml.
2015-05-22 08:11:57,155 [Worker-1] INFO  o.e.m.c.i.embedder.EclipseLogger - Using 'UTF-8' encoding to copy filtered resources.
2015-05-22 08:11:57,155 [Worker-1] INFO  o.e.m.c.i.embedder.EclipseLogger - Copying 28 resources
2015-05-22 08:11:57,161 [Worker-1] INFO  o.e.m.c.i.embedder.EclipseLogger - Using 'UTF-8' encoding to copy filtered resources.
2015-05-22 08:11:57,161 [Worker-1] INFO  o.e.m.c.i.embedder.EclipseLogger - Copying 1 resource
2015-05-22 08:11:58,482 [Worker-1] INFO  o.e.m.c.i.embedder.EclipseLogger - Using 'UTF-8' encoding to copy filtered resources.
2015-05-22 08:11:58,483 [Worker-1] INFO  o.e.m.c.i.embedder.EclipseLogger - Copying 0 resource
2015-05-22 08:11:58,484 [Worker-1] INFO  o.e.m.c.i.embedder.EclipseLogger - Using 'UTF-8' encoding to copy filtered resources.
2015-05-22 08:11:58,484 [Worker-1] INFO  o.e.m.c.i.embedder.EclipseLogger - Copying 0 resource
2015-06-05 23:22:29,610 [Worker-6] INFO  o.e.m.c.i.l.LifecycleMappingFactory - Using org.eclipse.m2e.jdt.JarLifecycleMapping lifecycle mapping for MavenProject: org.apache.oodt:cas-protocol-sftp:0.5 @ /home/willian/experiment/pushpull/protocol-0.5/sftp/pom.xml.
2015-06-05 23:22:30,563 [Worker-6] INFO  o.e.m.c.i.e.AbstractTransferListenerAdapter - Downloading http://repo.maven.apache.org/maven2/sshtools/j2ssh-core/0.2.9/j2ssh-core-0.2.9.pom
2015-06-05 23:22:30,922 [Worker-6] INFO  o.e.m.c.i.e.AbstractTransferListenerAdapter - Downloaded http://repo.maven.apache.org/maven2/sshtools/j2ssh-core/0.2.9/j2ssh-core-0.2.9.pom
2015-06-05 23:22:31,076 [Worker-6] INFO  o.e.m.c.i.e.AbstractTransferListenerAdapter - Downloading http://repo.maven.apache.org/maven2/sshtools/j2ssh-daemon/0.2.9/j2ssh-daemon-0.2.9.pom
2015-06-05 23:22:31,459 [Worker-6] INFO  o.e.m.c.i.e.AbstractTransferListenerAdapter - Downloaded http://repo.maven.apache.org/maven2/sshtools/j2ssh-daemon/0.2.9/j2ssh-daemon-0.2.9.pom
2015-06-05 23:22:31,694 [Worker-6] INFO  o.e.m.c.i.e.AbstractTransferListenerAdapter - Downloading http://repo.maven.apache.org/maven2/sshtools/j2ssh-core/0.2.9/j2ssh-core-0.2.9.jar
2015-06-05 23:22:33,132 [Worker-6] INFO  o.e.m.c.i.e.AbstractTransferListenerAdapter - Downloaded http://repo.maven.apache.org/maven2/sshtools/j2ssh-core/0.2.9/j2ssh-core-0.2.9.jar
2015-06-05 23:22:33,274 [Worker-6] INFO  o.e.m.c.i.e.AbstractTransferListenerAdapter - Downloading http://repo.maven.apache.org/maven2/sshtools/j2ssh-daemon/0.2.9/j2ssh-daemon-0.2.9.jar
2015-06-05 23:22:33,726 [Worker-6] INFO  o.e.m.c.i.e.AbstractTransferListenerAdapter - Downloaded http://repo.maven.apache.org/maven2/sshtools/j2ssh-daemon/0.2.9/j2ssh-daemon-0.2.9.jar
2015-06-05 23:22:34,132 [Worker-6] INFO  o.e.m.c.i.l.LifecycleMappingFactory - Using org.eclipse.m2e.jdt.JarLifecycleMapping lifecycle mapping for MavenProject: org.apache.oodt:cas-protocol-imaps:0.5 @ /home/willian/experiment/pushpull/protocol-0.5/imaps/pom.xml.
2015-06-05 23:22:34,556 [Worker-6] INFO  o.e.m.c.i.e.AbstractTransferListenerAdapter - Downloading http://repo.maven.apache.org/maven2/com/icegreen/greenmail/1.3.1b/greenmail-1.3.1b.pom
2015-06-05 23:22:34,867 [Worker-6] INFO  o.e.m.c.i.e.AbstractTransferListenerAdapter - Downloaded http://repo.maven.apache.org/maven2/com/icegreen/greenmail/1.3.1b/greenmail-1.3.1b.pom
2015-06-05 23:22:35,044 [Worker-6] INFO  o.e.m.c.i.e.AbstractTransferListenerAdapter - Downloading http://repo.maven.apache.org/maven2/javax/mail/mail/1.4/mail-1.4.pom
2015-06-05 23:22:35,330 [Worker-6] INFO  o.e.m.c.i.e.AbstractTransferListenerAdapter - Downloaded http://repo.maven.apache.org/maven2/javax/mail/mail/1.4/mail-1.4.pom
2015-06-05 23:22:35,579 [Worker-6] INFO  o.e.m.c.i.e.AbstractTransferListenerAdapter - Downloading http://repo.maven.apache.org/maven2/javax/activation/activation/1.1/activation-1.1.pom
2015-06-05 23:22:35,889 [Worker-6] INFO  o.e.m.c.i.e.AbstractTransferListenerAdapter - Downloaded http://repo.maven.apache.org/maven2/javax/activation/activation/1.1/activation-1.1.pom
2015-06-05 23:22:36,138 [Worker-6] INFO  o.e.m.c.i.e.AbstractTransferListenerAdapter - Downloading http://repo.maven.apache.org/maven2/com/icegreen/greenmail/1.3.1b/greenmail-1.3.1b.jar
2015-06-05 23:22:36,753 [Worker-6] INFO  o.e.m.c.i.e.AbstractTransferListenerAdapter - Downloaded http://repo.maven.apache.org/maven2/com/icegreen/greenmail/1.3.1b/greenmail-1.3.1b.jar
2015-06-05 23:22:37,117 [Worker-6] INFO  o.e.m.c.i.e.AbstractTransferListenerAdapter - Downloading http://repo.maven.apache.org/maven2/javax/mail/mail/1.4/mail-1.4.jar
2015-06-05 23:22:37,972 [Worker-6] INFO  o.e.m.c.i.e.AbstractTransferListenerAdapter - Downloaded http://repo.maven.apache.org/maven2/javax/mail/mail/1.4/mail-1.4.jar
2015-06-05 23:22:38,127 [Worker-6] INFO  o.e.m.c.i.e.AbstractTransferListenerAdapter - Downloading http://repo.maven.apache.org/maven2/javax/activation/activation/1.1/activation-1.1.jar
2015-06-05 23:22:38,460 [Worker-6] INFO  o.e.m.c.i.e.AbstractTransferListenerAdapter - Downloaded http://repo.maven.apache.org/maven2/javax/activation/activation/1.1/activation-1.1.jar
2015-06-05 23:22:38,733 [Worker-6] WARN  o.e.m.c.i.embedder.EclipseLogger - Failed to dispatch repository event to org.eclipse.m2e.core.internal.embedder.EclipseRepositoryListener: null
2015-06-05 23:22:39,191 [Worker-6] INFO  o.e.m.c.i.l.LifecycleMappingFactory - Using org.eclipse.m2e.jdt.JarLifecycleMapping lifecycle mapping for MavenProject: org.apache.oodt:cas-protocol-api:0.5 @ /home/willian/experiment/pushpull/protocol-0.5/api/pom.xml.
2015-06-05 23:22:39,228 [Worker-6] INFO  o.e.m.c.i.l.LifecycleMappingFactory - Using org.eclipse.m2e.jdt.JarLifecycleMapping lifecycle mapping for MavenProject: org.apache.oodt:cas-protocol-http:0.5 @ /home/willian/experiment/pushpull/protocol-0.5/http/pom.xml.
2015-06-05 23:22:39,575 [Worker-6] INFO  o.e.m.c.i.e.AbstractTransferListenerAdapter - Downloading http://repo.maven.apache.org/maven2/xerces/xercesImpl/2.8.1/xercesImpl-2.8.1.jar
2015-06-05 23:22:41,142 [Worker-6] INFO  o.e.m.c.i.e.AbstractTransferListenerAdapter - Downloaded http://repo.maven.apache.org/maven2/xerces/xercesImpl/2.8.1/xercesImpl-2.8.1.jar
2015-06-05 23:22:41,284 [Worker-6] INFO  o.e.m.c.i.e.AbstractTransferListenerAdapter - Downloading http://repo.maven.apache.org/maven2/xml-apis/xml-apis/1.3.03/xml-apis-1.3.03.jar
2015-06-05 23:22:41,744 [Worker-6] INFO  o.e.m.c.i.e.AbstractTransferListenerAdapter - Downloaded http://repo.maven.apache.org/maven2/xml-apis/xml-apis/1.3.03/xml-apis-1.3.03.jar
2015-06-05 23:22:42,082 [Worker-6] WARN  o.e.m.c.i.embedder.EclipseLogger - Failed to dispatch repository event to org.eclipse.m2e.core.internal.embedder.EclipseRepositoryListener: null
2015-06-05 23:22:42,378 [Worker-6] INFO  o.e.m.c.i.l.LifecycleMappingFactory - Using org.eclipse.m2e.jdt.JarLifecycleMapping lifecycle mapping for MavenProject: org.apache.oodt:cas-protocol-ftp:0.5 @ /home/willian/experiment/pushpull/protocol-0.5/ftp/pom.xml.
2015-06-05 23:22:53,100 [Worker-6] INFO  o.e.m.c.i.e.AbstractTransferListenerAdapter - Downloaded http://projects.iplantcollaborative.org/archiva/repository/internal/org/apache/ftpserver/ftpserver-core/1.0.5/ftpserver-core-1.0.5.pom
2015-06-05 23:22:53,253 [Worker-6] INFO  o.e.m.c.i.e.AbstractTransferListenerAdapter - Downloading http://repo.maven.apache.org/maven2/org/apache/ftpserver/ftpserver-core/1.0.5/ftpserver-core-1.0.5.pom
2015-06-05 23:22:53,542 [Worker-6] INFO  o.e.m.c.i.e.AbstractTransferListenerAdapter - Downloaded http://repo.maven.apache.org/maven2/org/apache/ftpserver/ftpserver-core/1.0.5/ftpserver-core-1.0.5.pom
2015-06-05 23:23:03,566 [Worker-6] INFO  o.e.m.c.i.e.AbstractTransferListenerAdapter - Downloaded http://projects.iplantcollaborative.org/archiva/repository/internal/org/apache/ftpserver/ftpserver-parent/1.0.5/ftpserver-parent-1.0.5.pom
2015-06-05 23:23:03,727 [Worker-6] INFO  o.e.m.c.i.e.AbstractTransferListenerAdapter - Downloading http://repo.maven.apache.org/maven2/org/apache/ftpserver/ftpserver-parent/1.0.5/ftpserver-parent-1.0.5.pom
2015-06-05 23:23:04,025 [Worker-6] INFO  o.e.m.c.i.e.AbstractTransferListenerAdapter - Downloaded http://repo.maven.apache.org/maven2/org/apache/ftpserver/ftpserver-parent/1.0.5/ftpserver-parent-1.0.5.pom
2015-06-05 23:23:14,043 [Worker-6] INFO  o.e.m.c.i.e.AbstractTransferListenerAdapter - Downloaded http://projects.iplantcollaborative.org/archiva/repository/internal/org/apache/ftpserver/ftplet-api/1.0.5/ftplet-api-1.0.5.pom
2015-06-05 23:23:14,196 [Worker-6] INFO  o.e.m.c.i.e.AbstractTransferListenerAdapter - Downloading http://repo.maven.apache.org/maven2/org/apache/ftpserver/ftplet-api/1.0.5/ftplet-api-1.0.5.pom
2015-06-05 23:23:14,567 [Worker-6] INFO  o.e.m.c.i.e.AbstractTransferListenerAdapter - Downloaded http://repo.maven.apache.org/maven2/org/apache/ftpserver/ftplet-api/1.0.5/ftplet-api-1.0.5.pom
2015-06-05 23:23:24,595 [Worker-6] INFO  o.e.m.c.i.e.AbstractTransferListenerAdapter - Downloaded http://projects.iplantcollaborative.org/archiva/repository/internal/org/slf4j/slf4j-api/1.5.2/slf4j-api-1.5.2.pom
2015-06-05 23:23:24,751 [Worker-6] INFO  o.e.m.c.i.e.AbstractTransferListenerAdapter - Downloading http://repo.maven.apache.org/maven2/org/slf4j/slf4j-api/1.5.2/slf4j-api-1.5.2.pom
2015-06-05 23:23:25,040 [Worker-6] INFO  o.e.m.c.i.e.AbstractTransferListenerAdapter - Downloaded http://repo.maven.apache.org/maven2/org/slf4j/slf4j-api/1.5.2/slf4j-api-1.5.2.pom
2015-06-05 23:23:35,065 [Worker-6] INFO  o.e.m.c.i.e.AbstractTransferListenerAdapter - Downloaded http://projects.iplantcollaborative.org/archiva/repository/internal/org/slf4j/slf4j-parent/1.5.2/slf4j-parent-1.5.2.pom
2015-06-05 23:23:35,275 [Worker-6] INFO  o.e.m.c.i.e.AbstractTransferListenerAdapter - Downloading http://repo.maven.apache.org/maven2/org/slf4j/slf4j-parent/1.5.2/slf4j-parent-1.5.2.pom
2015-06-05 23:23:35,599 [Worker-6] INFO  o.e.m.c.i.e.AbstractTransferListenerAdapter - Downloaded http://repo.maven.apache.org/maven2/org/slf4j/slf4j-parent/1.5.2/slf4j-parent-1.5.2.pom
2015-06-05 23:23:45,618 [Worker-6] INFO  o.e.m.c.i.e.AbstractTransferListenerAdapter - Downloaded http://projects.iplantcollaborative.org/archiva/repository/internal/org/apache/mina/mina-core/2.0.0-RC1/mina-core-2.0.0-RC1.pom
2015-06-05 23:23:45,776 [Worker-6] INFO  o.e.m.c.i.e.AbstractTransferListenerAdapter - Downloading http://repo.maven.apache.org/maven2/org/apache/mina/mina-core/2.0.0-RC1/mina-core-2.0.0-RC1.pom
2015-06-05 23:23:46,072 [Worker-6] INFO  o.e.m.c.i.e.AbstractTransferListenerAdapter - Downloaded http://repo.maven.apache.org/maven2/org/apache/mina/mina-core/2.0.0-RC1/mina-core-2.0.0-RC1.pom
2015-06-05 23:23:56,128 [Worker-6] INFO  o.e.m.c.i.e.AbstractTransferListenerAdapter - Downloaded http://projects.iplantcollaborative.org/archiva/repository/internal/org/apache/mina/mina-parent/2.0.0-RC1/mina-parent-2.0.0-RC1.pom
2015-06-05 23:23:56,506 [Worker-6] INFO  o.e.m.c.i.e.AbstractTransferListenerAdapter - Downloading http://repo.maven.apache.org/maven2/org/apache/mina/mina-parent/2.0.0-RC1/mina-parent-2.0.0-RC1.pom
2015-06-05 23:23:56,508 [Worker-6] INFO  o.e.m.c.i.e.AbstractTransferListenerAdapter - Downloaded http://repo.maven.apache.org/maven2/org/apache/mina/mina-parent/2.0.0-RC1/mina-parent-2.0.0-RC1.pom
2015-06-05 23:23:56,517 [Worker-6] INFO  o.e.m.c.i.e.AbstractTransferListenerAdapter - Downloaded http://projects.iplantcollaborative.org/archiva/repository/internal/org/slf4j/slf4j-log4j12/1.5.2/slf4j-log4j12-1.5.2.pom
2015-06-05 23:23:56,518 [Worker-6] INFO  o.e.m.c.i.e.AbstractTransferListenerAdapter - Downloaded http://repo.maven.apache.org/maven2/org/slf4j/slf4j-log4j12/1.5.2/slf4j-log4j12-1.5.2.pom
2015-06-05 23:23:57,603 [Worker-2] INFO  o.e.m.c.i.l.LifecycleMappingFactory - Using org.eclipse.m2e.jdt.JarLifecycleMapping lifecycle mapping for MavenProject: org.apache.oodt:cas-protocol-api:0.5 @ /home/willian/experiment/pushpull/protocol-0.5/api/pom.xml.
2015-06-05 23:23:57,708 [Worker-2] INFO  o.e.m.c.i.l.LifecycleMappingFactory - Using org.eclipse.m2e.jdt.JarLifecycleMapping lifecycle mapping for MavenProject: org.apache.oodt:cas-protocol-ftp:0.5 @ /home/willian/experiment/pushpull/protocol-0.5/ftp/pom.xml.
2015-06-05 23:23:58,130 [Worker-2] INFO  o.e.m.c.i.l.LifecycleMappingFactory - Using org.eclipse.m2e.jdt.JarLifecycleMapping lifecycle mapping for MavenProject: org.apache.oodt:cas-protocol-http:0.5 @ /home/willian/experiment/pushpull/protocol-0.5/http/pom.xml.
2015-06-05 23:23:58,220 [Worker-2] INFO  o.e.m.c.i.l.LifecycleMappingFactory - Using org.eclipse.m2e.jdt.JarLifecycleMapping lifecycle mapping for MavenProject: org.apache.oodt:cas-protocol-imaps:0.5 @ /home/willian/experiment/pushpull/protocol-0.5/imaps/pom.xml.
2015-06-05 23:23:58,299 [Worker-2] INFO  o.e.m.c.i.l.LifecycleMappingFactory - Using org.eclipse.m2e.jdt.JarLifecycleMapping lifecycle mapping for MavenProject: org.apache.oodt:cas-protocol-sftp:0.5 @ /home/willian/experiment/pushpull/protocol-0.5/sftp/pom.xml.
2015-06-05 23:34:33,580 [Worker-5] INFO  o.e.m.c.i.l.LifecycleMappingFactory - Using org.eclipse.m2e.jdt.JarLifecycleMapping lifecycle mapping for MavenProject: org.apache.oodt:cas-pushpull:0.5 @ /home/willian/experiment/pushpull/pushpull-0.5/pom.xml.
2015-06-05 23:34:34,169 [Worker-5] INFO  o.e.m.c.i.l.LifecycleMappingFactory - Using org.eclipse.m2e.jdt.JarLifecycleMapping lifecycle mapping for MavenProject: org.apache.oodt:cas-pushpull:0.8 @ /home/willian/experiment/pushpull/pushpull-0.8/pom.xml.
2015-06-05 23:34:35,272 [Worker-5] INFO  o.e.m.c.i.l.LifecycleMappingFactory - Using org.eclipse.m2e.jdt.JarLifecycleMapping lifecycle mapping for MavenProject: org.apache.oodt:cas-pushpull:0.2 @ /home/willian/experiment/pushpull/pushpull-0.2/pom.xml.
2015-06-05 23:34:36,281 [Worker-5] INFO  o.e.m.j.i.AbstractJavaProjectConfigurator - Adding source folder /pushpull-0.2/src/main/java
2015-06-05 23:34:36,282 [Worker-5] INFO  o.e.m.j.i.AbstractJavaProjectConfigurator - Adding resource folder /pushpull-0.2/src/main/resources
2015-06-05 23:34:36,283 [Worker-5] INFO  o.e.m.j.i.AbstractJavaProjectConfigurator - Adding source folder /pushpull-0.2/src/test
2015-06-05 23:34:36,882 [Worker-5] INFO  o.e.m.j.i.AbstractJavaProjectConfigurator - Adding source folder /pushpull-0.8/src/main/java
2015-06-05 23:34:36,882 [Worker-5] INFO  o.e.m.j.i.AbstractJavaProjectConfigurator - Adding resource folder /pushpull-0.8/src/main/resources
2015-06-05 23:34:36,888 [Worker-5] INFO  o.e.m.j.i.AbstractJavaProjectConfigurator - Adding source folder /pushpull-0.8/src/test
2015-06-05 23:34:36,889 [Worker-5] INFO  o.e.m.j.i.AbstractJavaProjectConfigurator - Resources folder /pushpull-0.8/src/test/resources overlaps with sources folder /pushpull-0.8/src/test
2015-06-05 23:34:36,969 [Worker-1] INFO  o.e.m.c.i.l.LifecycleMappingFactory - Using org.eclipse.m2e.jdt.JarLifecycleMapping lifecycle mapping for MavenProject: org.apache.oodt:cas-pushpull:0.5 @ /home/willian/experiment/pushpull/pushpull-0.5/pom.xml.
2015-06-05 23:34:37,072 [Worker-5] INFO  o.e.m.j.i.AbstractJavaProjectConfigurator - Adding source folder /pushpull-0.5/src/main/java
2015-06-05 23:34:37,072 [Worker-5] INFO  o.e.m.j.i.AbstractJavaProjectConfigurator - Resources folder /pushpull-0.5/src/main/resources overlaps with sources folder /pushpull-0.5/src/main/resources
2015-06-05 23:34:37,074 [Worker-5] INFO  o.e.m.j.i.AbstractJavaProjectConfigurator - Adding source folder /pushpull-0.5/src/test
2015-06-05 23:34:37,316 [Worker-5] INFO  o.e.m.c.i.p.ProjectConfigurationManager - Imported and configured 3 project(s) in 4 sec
2015-06-05 23:34:37,585 [Worker-1] INFO  o.e.m.c.i.l.LifecycleMappingFactory - Using org.eclipse.m2e.jdt.JarLifecycleMapping lifecycle mapping for MavenProject: org.apache.oodt:cas-pushpull:0.8 @ /home/willian/experiment/pushpull/pushpull-0.8/pom.xml.
2015-06-05 23:34:38,371 [Worker-1] INFO  o.e.m.c.i.l.LifecycleMappingFactory - Using org.eclipse.m2e.jdt.JarLifecycleMapping lifecycle mapping for MavenProject: org.apache.oodt:cas-pushpull:0.2 @ /home/willian/experiment/pushpull/pushpull-0.2/pom.xml.
2015-06-05 23:34:39,549 [Worker-3] INFO  o.e.m.c.i.l.LifecycleMappingFactory - Using org.eclipse.m2e.jdt.JarLifecycleMapping lifecycle mapping for MavenProject: org.apache.oodt:cas-pushpull:0.2 @ /home/willian/experiment/pushpull/pushpull-0.2/pom.xml.
2015-06-05 23:34:40,957 [Worker-3] INFO  o.e.m.c.i.embedder.EclipseLogger - Using 'UTF-8' encoding to copy filtered resources.
2015-06-05 23:34:40,964 [Worker-3] INFO  o.e.m.c.i.embedder.EclipseLogger - Copying 28 resources
2015-06-05 23:34:40,975 [Worker-3] INFO  o.e.m.c.i.embedder.EclipseLogger - Using 'UTF-8' encoding to copy filtered resources.
2015-06-05 23:34:40,975 [Worker-3] INFO  o.e.m.c.i.embedder.EclipseLogger - skip non existing resourceDirectory /home/willian/experiment/pushpull/pushpull-0.5/src/test/resources
2015-06-05 23:34:41,872 [Worker-1] INFO  o.e.m.c.i.embedder.EclipseLogger - Using 'UTF-8' encoding to copy filtered resources.
2015-06-05 23:34:41,874 [Worker-1] INFO  o.e.m.c.i.embedder.EclipseLogger - Copying 28 resources
2015-06-05 23:34:41,883 [Worker-1] INFO  o.e.m.c.i.embedder.EclipseLogger - Using 'UTF-8' encoding to copy filtered resources.
2015-06-05 23:34:41,883 [Worker-1] INFO  o.e.m.c.i.embedder.EclipseLogger - Copying 1 resource
2015-06-05 23:34:42,758 [Worker-1] INFO  o.e.m.c.i.l.LifecycleMappingFactory - Using org.eclipse.m2e.jdt.JarLifecycleMapping lifecycle mapping for MavenProject: org.apache.oodt:cas-pushpull:0.5 @ /home/willian/experiment/pushpull/pushpull-0.5/pom.xml.
2015-06-05 23:34:42,974 [Worker-1] INFO  o.e.m.c.i.l.LifecycleMappingFactory - Using org.eclipse.m2e.jdt.JarLifecycleMapping lifecycle mapping for MavenProject: org.apache.oodt:cas-pushpull:0.8 @ /home/willian/experiment/pushpull/pushpull-0.8/pom.xml.
2015-06-05 23:34:43,171 [Worker-1] INFO  o.e.m.c.i.l.LifecycleMappingFactory - Using org.eclipse.m2e.jdt.JarLifecycleMapping lifecycle mapping for MavenProject: org.apache.oodt:cas-pushpull:0.2 @ /home/willian/experiment/pushpull/pushpull-0.2/pom.xml.
2015-06-05 23:34:44,308 [Worker-1] INFO  o.e.m.c.i.embedder.EclipseLogger - Using 'UTF-8' encoding to copy filtered resources.
2015-06-05 23:34:44,309 [Worker-1] INFO  o.e.m.c.i.embedder.EclipseLogger - Copying 0 resource
2015-06-05 23:34:44,310 [Worker-1] INFO  o.e.m.c.i.embedder.EclipseLogger - Using 'UTF-8' encoding to copy filtered resources.
2015-06-05 23:34:44,310 [Worker-1] INFO  o.e.m.c.i.embedder.EclipseLogger - skip non existing resourceDirectory /home/willian/experiment/pushpull/pushpull-0.5/src/test/resources
2015-06-05 23:34:44,568 [Worker-1] INFO  o.e.m.c.i.embedder.EclipseLogger - Using 'UTF-8' encoding to copy filtered resources.
2015-06-05 23:34:44,569 [Worker-1] INFO  o.e.m.c.i.embedder.EclipseLogger - Copying 0 resource
2015-06-05 23:34:44,595 [Worker-1] INFO  o.e.m.c.i.embedder.EclipseLogger - Using 'UTF-8' encoding to copy filtered resources.
2015-06-05 23:34:44,595 [Worker-1] INFO  o.e.m.c.i.embedder.EclipseLogger - Copying 0 resource
