2015-05-22 22:07:38,201 [Worker-0] INFO  o.e.m.c.i.l.LifecycleMappingFactory - Using org.eclipse.m2e.jdt.JarLifecycleMapping lifecycle mapping for MavenProject: org.apache.oodt:cas-workflow:0.5 @ /home/willian/Repositories/oodt/0.5/workflow/pom.xml.
2015-05-22 22:07:40,233 [Worker-0] INFO  o.e.m.j.i.AbstractJavaProjectConfigurator - Adding source folder /cas-workflow-0.5/src/main/java
2015-05-22 22:07:40,234 [Worker-0] INFO  o.e.m.j.i.AbstractJavaProjectConfigurator - Resources folder /cas-workflow-0.5/src/main/resources overlaps with sources folder /cas-workflow-0.5/src/main/resources
2015-05-22 22:07:40,236 [Worker-0] INFO  o.e.m.j.i.AbstractJavaProjectConfigurator - Adding source folder /cas-workflow-0.5/src/test
2015-05-22 22:07:40,258 [Worker-8] INFO  o.e.m.c.i.l.LifecycleMappingFactory - Using org.eclipse.m2e.jdt.JarLifecycleMapping lifecycle mapping for MavenProject: org.apache.oodt:cas-workflow:0.5 @ /home/willian/Repositories/oodt/0.5/workflow/pom.xml.
2015-05-22 22:07:40,542 [Worker-0] INFO  o.e.m.c.i.p.ProjectConfigurationManager - Imported and configured 1 project(s) in 6 sec
2015-05-22 22:07:43,780 [Worker-9] INFO  o.e.m.c.i.l.LifecycleMappingFactory - Using org.eclipse.m2e.jdt.JarLifecycleMapping lifecycle mapping for MavenProject: org.apache.oodt:cas-workflow:0.5 @ /home/willian/Repositories/oodt/0.5/workflow/pom.xml.
2015-05-22 22:07:44,213 [Worker-9] INFO  o.e.m.c.i.embedder.EclipseLogger - Using 'UTF-8' encoding to copy filtered resources.
2015-05-22 22:07:44,224 [Worker-9] INFO  o.e.m.c.i.embedder.EclipseLogger - Copying 26 resources
2015-05-22 22:07:44,246 [Worker-9] INFO  o.e.m.c.i.embedder.EclipseLogger - Using 'UTF-8' encoding to copy filtered resources.
2015-05-22 22:07:44,247 [Worker-9] INFO  o.e.m.c.i.embedder.EclipseLogger - skip non existing resourceDirectory /home/willian/Repositories/oodt/0.5/workflow/src/test/resources
2015-05-22 22:08:10,450 [Worker-8] INFO  o.e.m.c.i.embedder.EclipseLogger - Using 'UTF-8' encoding to copy filtered resources.
2015-05-22 22:08:10,452 [Worker-8] INFO  o.e.m.c.i.embedder.EclipseLogger - Copying 0 resource
2015-05-22 22:08:10,454 [Worker-8] INFO  o.e.m.c.i.embedder.EclipseLogger - Using 'UTF-8' encoding to copy filtered resources.
2015-05-22 22:08:10,454 [Worker-8] INFO  o.e.m.c.i.embedder.EclipseLogger - skip non existing resourceDirectory /home/willian/Repositories/oodt/0.5/workflow/src/test/resources
2015-05-22 22:09:45,854 [Worker-0] INFO  o.e.m.c.i.e.AbstractTransferListenerAdapter - Downloading http://repo.maven.apache.org/maven2/xml-apis/xml-apis/1.0.b2/xml-apis-1.0.b2-sources.jar
2015-05-22 22:09:57,007 [Worker-0] INFO  o.e.m.c.i.e.AbstractTransferListenerAdapter - Downloaded http://repo.maven.apache.org/maven2/xml-apis/xml-apis/1.0.b2/xml-apis-1.0.b2-sources.jar
2015-05-22 22:09:57,207 [Worker-0] INFO  o.e.m.j.internal.DownloadSourcesJob - Downloaded sources for xml-apis:xml-apis:1.0.b2
2015-05-22 22:09:57,361 [Worker-10] INFO  o.e.m.c.i.embedder.EclipseLogger - Using 'UTF-8' encoding to copy filtered resources.
2015-05-22 22:09:57,361 [Worker-10] INFO  o.e.m.c.i.embedder.EclipseLogger - Copying 0 resource
2015-05-22 22:09:57,362 [Worker-10] INFO  o.e.m.c.i.embedder.EclipseLogger - Using 'UTF-8' encoding to copy filtered resources.
2015-05-22 22:09:57,362 [Worker-10] INFO  o.e.m.c.i.embedder.EclipseLogger - skip non existing resourceDirectory /home/willian/Repositories/oodt/0.5/workflow/src/test/resources
2015-05-22 22:10:36,636 [Worker-8] INFO  o.e.m.j.internal.DownloadSourcesJob - Downloaded sources for xml-apis:xml-apis:1.0.b2
2015-05-22 22:10:36,821 [Worker-0] INFO  o.e.m.c.i.embedder.EclipseLogger - Using 'UTF-8' encoding to copy filtered resources.
2015-05-22 22:10:36,821 [Worker-0] INFO  o.e.m.c.i.embedder.EclipseLogger - Copying 0 resource
2015-05-22 22:10:36,823 [Worker-0] INFO  o.e.m.c.i.embedder.EclipseLogger - Using 'UTF-8' encoding to copy filtered resources.
2015-05-22 22:10:36,823 [Worker-0] INFO  o.e.m.c.i.embedder.EclipseLogger - skip non existing resourceDirectory /home/willian/Repositories/oodt/0.5/workflow/src/test/resources
2015-05-22 22:15:37,103 [Worker-8] INFO  o.e.m.c.i.l.LifecycleMappingFactory - Using org.eclipse.m2e.jdt.JarLifecycleMapping lifecycle mapping for MavenProject: org.apache.oodt:cas-workflow:0.2 @ /home/willian/Repositories/oodt/0.2/workflow/pom.xml.
2015-05-22 22:15:37,596 [Worker-8] INFO  o.e.m.j.i.AbstractJavaProjectConfigurator - Adding source folder /cas-workflow-0.2/src/main/java
2015-05-22 22:15:37,597 [Worker-8] INFO  o.e.m.j.i.AbstractJavaProjectConfigurator - Resources folder /cas-workflow-0.2/src/main/resources overlaps with sources folder /cas-workflow-0.2/src/main/resources
2015-05-22 22:15:37,597 [Worker-8] INFO  o.e.m.j.i.AbstractJavaProjectConfigurator - Adding source folder /cas-workflow-0.2/src/test
2015-05-22 22:15:37,653 [Worker-8] INFO  o.e.m.c.i.p.ProjectConfigurationManager - Imported and configured 1 project(s) in 1 sec
2015-05-22 22:15:38,291 [Worker-2] INFO  o.e.m.c.i.l.LifecycleMappingFactory - Using org.eclipse.m2e.jdt.JarLifecycleMapping lifecycle mapping for MavenProject: org.apache.oodt:cas-workflow:0.2 @ /home/willian/Repositories/oodt/0.2/workflow/pom.xml.
2015-05-22 22:15:38,505 [Worker-2] INFO  o.e.m.c.i.embedder.EclipseLogger - Using 'UTF-8' encoding to copy filtered resources.
2015-05-22 22:15:38,506 [Worker-2] INFO  o.e.m.c.i.embedder.EclipseLogger - Copying 17 resources
2015-05-22 22:15:38,524 [Worker-2] INFO  o.e.m.c.i.embedder.EclipseLogger - Using 'UTF-8' encoding to copy filtered resources.
2015-05-22 22:15:38,524 [Worker-2] INFO  o.e.m.c.i.embedder.EclipseLogger - skip non existing resourceDirectory /home/willian/Repositories/oodt/0.2/workflow/src/test/resources
2015-05-22 22:15:38,725 [Worker-2] INFO  o.e.m.c.i.l.LifecycleMappingFactory - Using org.eclipse.m2e.jdt.JarLifecycleMapping lifecycle mapping for MavenProject: org.apache.oodt:cas-workflow:0.2 @ /home/willian/Repositories/oodt/0.2/workflow/pom.xml.
2015-05-22 22:15:39,726 [Worker-1] INFO  o.e.m.c.i.embedder.EclipseLogger - Using 'UTF-8' encoding to copy filtered resources.
2015-05-22 22:15:39,728 [Worker-1] INFO  o.e.m.c.i.embedder.EclipseLogger - Copying 0 resource
2015-05-22 22:15:39,729 [Worker-1] INFO  o.e.m.c.i.embedder.EclipseLogger - Using 'UTF-8' encoding to copy filtered resources.
2015-05-22 22:15:39,730 [Worker-1] INFO  o.e.m.c.i.embedder.EclipseLogger - skip non existing resourceDirectory /home/willian/Repositories/oodt/0.2/workflow/src/test/resources
2015-05-22 22:17:02,838 [Worker-8] INFO  o.e.m.c.i.l.LifecycleMappingFactory - Using org.eclipse.m2e.jdt.JarLifecycleMapping lifecycle mapping for MavenProject: org.apache.oodt:cas-workflow:0.8 @ /home/willian/Repositories/oodt/0.8/workflow/pom.xml.
2015-05-22 22:17:03,095 [Worker-8] INFO  o.e.m.j.i.AbstractJavaProjectConfigurator - Adding source folder /cas-workflow-0.8/src/main/java
2015-05-22 22:17:03,095 [Worker-8] INFO  o.e.m.j.i.AbstractJavaProjectConfigurator - Resources folder /cas-workflow-0.8/src/main/resources overlaps with sources folder /cas-workflow-0.8/src/main/resources
2015-05-22 22:17:03,097 [Worker-8] INFO  o.e.m.j.i.AbstractJavaProjectConfigurator - Adding source folder /cas-workflow-0.8/src/test
2015-05-22 22:17:03,159 [Worker-8] INFO  o.e.m.c.i.p.ProjectConfigurationManager - Imported and configured 1 project(s) in 0 sec
2015-05-22 22:17:04,149 [Worker-12] INFO  o.e.m.c.i.l.LifecycleMappingFactory - Using org.eclipse.m2e.jdt.JarLifecycleMapping lifecycle mapping for MavenProject: org.apache.oodt:cas-workflow:0.8 @ /home/willian/Repositories/oodt/0.8/workflow/pom.xml.
2015-05-22 22:17:04,442 [Worker-12] INFO  o.e.m.c.i.embedder.EclipseLogger - Using 'UTF-8' encoding to copy filtered resources.
2015-05-22 22:17:04,443 [Worker-12] INFO  o.e.m.c.i.embedder.EclipseLogger - Copying 26 resources
2015-05-22 22:17:04,506 [Worker-12] INFO  o.e.m.c.i.embedder.EclipseLogger - Using 'UTF-8' encoding to copy filtered resources.
2015-05-22 22:17:04,506 [Worker-12] INFO  o.e.m.c.i.embedder.EclipseLogger - skip non existing resourceDirectory /home/willian/Repositories/oodt/0.8/workflow/src/test/resources
2015-05-22 22:17:05,273 [Worker-11] INFO  o.e.m.c.i.l.LifecycleMappingFactory - Using org.eclipse.m2e.jdt.JarLifecycleMapping lifecycle mapping for MavenProject: org.apache.oodt:cas-workflow:0.8 @ /home/willian/Repositories/oodt/0.8/workflow/pom.xml.
2015-05-22 22:17:05,787 [Worker-9] INFO  o.e.m.c.i.embedder.EclipseLogger - Using 'UTF-8' encoding to copy filtered resources.
2015-05-22 22:17:05,787 [Worker-9] INFO  o.e.m.c.i.embedder.EclipseLogger - Copying 0 resource
2015-05-22 22:17:05,788 [Worker-9] INFO  o.e.m.c.i.embedder.EclipseLogger - Using 'UTF-8' encoding to copy filtered resources.
2015-05-22 22:17:05,788 [Worker-9] INFO  o.e.m.c.i.embedder.EclipseLogger - skip non existing resourceDirectory /home/willian/Repositories/oodt/0.8/workflow/src/test/resources
